<?xml version="1.0" encoding="UTF-8"?>
<testsuite name="com.facu.restfake.RestfakeApplicationTests" tests="1" skipped="0" failures="0" errors="0" timestamp="2023-10-03T04:43:55" hostname="CAYDE-6" time="0.503">
  <properties/>
  <testcase name="contextLoads()" classname="com.facu.restfake.RestfakeApplicationTests" time="0.503"/>
  <system-out><![CDATA[01:43:50.895 [Test worker] INFO org.springframework.test.context.support.AnnotationConfigContextLoaderUtils -- Could not detect default configuration classes for test class [com.facu.restfake.RestfakeApplicationTests]: RestfakeApplicationTests does not declare any static, non-private, non-final, nested classes annotated with @Configuration.
01:43:50.982 [Test worker] INFO org.springframework.boot.test.context.SpringBootTestContextBootstrapper -- Found @SpringBootConfiguration com.facu.restfake.RestfakeApplication for test class com.facu.restfake.RestfakeApplicationTests

  .   ____          _            __ _ _
 /\\ / ___'_ __ _ _(_)_ __  __ _ \ \ \ \
( ( )\___ | '_ | '_| | '_ \/ _` | \ \ \ \
 \\/  ___)| |_)| | | | | || (_| |  ) ) ) )
  '  |____| .__|_| |_|_| |_\__, | / / / /
 =========|_|==============|___/=/_/_/_/
 :: Spring Boot ::                (v3.1.3)

2023-10-03T01:43:51.353-03:00  INFO 8196 --- [    Test worker] c.f.restfake.RestfakeApplicationTests    : Starting RestfakeApplicationTests using Java 17.0.8 with PID 8196 (started by Facundo in D:\UTN\3-Tercer año\Desarrollo de Software\tp-Render\claseFakeGenerico)
2023-10-03T01:43:51.354-03:00  INFO 8196 --- [    Test worker] c.f.restfake.RestfakeApplicationTests    : No active profile set, falling back to 1 default profile: "default"
2023-10-03T01:43:52.062-03:00  INFO 8196 --- [    Test worker] .s.d.r.c.RepositoryConfigurationDelegate : Bootstrapping Spring Data JPA repositories in DEFAULT mode.
2023-10-03T01:43:52.141-03:00  INFO 8196 --- [    Test worker] .s.d.r.c.RepositoryConfigurationDelegate : Finished Spring Data repository scanning in 67 ms. Found 2 JPA repository interfaces.
2023-10-03T01:43:52.541-03:00  INFO 8196 --- [    Test worker] o.hibernate.jpa.internal.util.LogHelper  : HHH000204: Processing PersistenceUnitInfo [name: default]
2023-10-03T01:43:52.606-03:00  INFO 8196 --- [    Test worker] org.hibernate.Version                    : HHH000412: Hibernate ORM core version 6.2.7.Final
2023-10-03T01:43:52.610-03:00  INFO 8196 --- [    Test worker] org.hibernate.cfg.Environment            : HHH000406: Using bytecode reflection optimizer
2023-10-03T01:43:52.829-03:00  INFO 8196 --- [    Test worker] o.h.b.i.BytecodeProviderInitiator        : HHH000021: Bytecode provider name : bytebuddy
2023-10-03T01:43:53.025-03:00  INFO 8196 --- [    Test worker] o.s.o.j.p.SpringPersistenceUnitInfo      : No LoadTimeWeaver setup: ignoring JPA class transformer
2023-10-03T01:43:53.049-03:00  INFO 8196 --- [    Test worker] com.zaxxer.hikari.HikariDataSource       : HikariPool-1 - Starting...
2023-10-03T01:43:53.258-03:00  INFO 8196 --- [    Test worker] com.zaxxer.hikari.pool.HikariPool        : HikariPool-1 - Added connection conn0: url=jdbc:h2:mem:./betodb user=SA
2023-10-03T01:43:53.260-03:00  INFO 8196 --- [    Test worker] com.zaxxer.hikari.HikariDataSource       : HikariPool-1 - Start completed.
2023-10-03T01:43:53.520-03:00  INFO 8196 --- [    Test worker] o.h.b.i.BytecodeProviderInitiator        : HHH000021: Bytecode provider name : bytebuddy
2023-10-03T01:43:54.071-03:00  INFO 8196 --- [    Test worker] o.h.e.t.j.p.i.JtaPlatformInitiator       : HHH000490: Using JtaPlatform implementation: [org.hibernate.engine.transaction.jta.platform.internal.NoJtaPlatform]
Hibernate: create table product (id bigint generated by default as identity, categoria varchar(255), description varchar(255), url_imagen varchar(255), precio_compra numeric(10,2), titulo varchar(255), rating_id bigint, primary key (id))
Hibernate: create table rating (id bigint generated by default as identity, contador integer, rating numeric(10,2), primary key (id))
Hibernate: alter table if exists product drop constraint if exists UK_cpl5yf6l3nfpoocekhwt1pcdi
Hibernate: alter table if exists product add constraint UK_cpl5yf6l3nfpoocekhwt1pcdi unique (rating_id)
Hibernate: alter table if exists product add constraint FKl8l8p9w68qipyh361bad6cv68 foreign key (rating_id) references rating
2023-10-03T01:43:54.127-03:00  INFO 8196 --- [    Test worker] j.LocalContainerEntityManagerFactoryBean : Initialized JPA EntityManagerFactory for persistence unit 'default'
2023-10-03T01:43:54.731-03:00  WARN 8196 --- [    Test worker] JpaBaseConfiguration$JpaWebConfiguration : spring.jpa.open-in-view is enabled by default. Therefore, database queries may be performed during view rendering. Explicitly configure spring.jpa.open-in-view to disable this warning
2023-10-03T01:43:55.182-03:00  INFO 8196 --- [    Test worker] o.s.b.a.h2.H2ConsoleAutoConfiguration    : H2 console available at '/h2-console'. Database available at 'jdbc:h2:mem:./betodb'
2023-10-03T01:43:55.229-03:00  INFO 8196 --- [    Test worker] c.f.restfake.RestfakeApplicationTests    : Started RestfakeApplicationTests in 4.095 seconds (process running for 5.137)
]]></system-out>
  <system-err><![CDATA[]]></system-err>
</testsuite>
